Build started 9/12/2012 9:47:45 PM.
     1>Project "C:\example\bookexample.vcxproj" on node 2 (build target(s)).
     1>InitializeBuildStatus:
         Touching "Debug\bookexample.unsuccessfulbuild".
       ClCompile:
         c:\Program Files\Microsoft Visual Studio 10.0\VC\bin\CL.exe /c /Zi /nologo /W3 /WX- /Od /Oy- /D WIN32 /D _DEBUG /D _CONSOLE /D _MBCS /Gm /EHsc /RTC1 /MTd /GS /fp:precise /Zc:wchar_t /Zc:forScope /Fo"Debug\\" /Fd"Debug\vc100.pdb" /Gd /TP /analyze- /errorReport:prompt ..\cplusplusexercise\Exercise17_24.cpp
         Exercise17_24.cpp
       ManifestResourceCompile:
         All outputs are up-to-date.
       Link:
         c:\Program Files\Microsoft Visual Studio 10.0\VC\bin\link.exe /ERRORREPORT:PROMPT /OUT:"Debug\bookexample.exe" /INCREMENTAL /NOLOGO kernel32.lib user32.lib gdi32.lib winspool.lib comdlg32.lib advapi32.lib shell32.lib ole32.lib oleaut32.lib uuid.lib odbc32.lib odbccp32.lib /MANIFEST /ManifestFile:"Debug\bookexample.exe.intermediate.manifest" /MANIFESTUAC:"level='asInvoker' uiAccess='false'" /DEBUG /PDB:"Debug\bookexample.pdb" /SUBSYSTEM:CONSOLE /TLBID:1 /DYNAMICBASE /NXCOMPAT /IMPLIB:"Debug\bookexample.lib" /MACHINE:X86 Debug\bookexample.exe.embed.manifest.res
         Debug\Exercise17_24.obj
       Manifest:
         C:\Program Files\Microsoft SDKs\Windows\v7.0A\bin\mt.exe /nologo /verbose /out:"Debug\bookexample.exe.embed.manifest" /manifest Debug\bookexample.exe.intermediate.manifest
         All outputs are up-to-date.
       LinkEmbedManifest:
         All outputs are up-to-date.
         bookexample.vcxproj -> C:\example\Debug\bookexample.exe
       FinalizeBuildStatus:
         Deleting file "Debug\bookexample.unsuccessfulbuild".
         Touching "Debug\bookexample.lastbuildstate".
     1>Done Building Project "C:\example\bookexample.vcxproj" (build target(s)).

Build succeeded.

Time Elapsed 00:00:09.86
